6616378
6483564
6610754
6477694
6600660
6465344
6596416
6464344
6589192
6461331
6589327
6456785
6583421
6451985
6574645
6446617
6567741
6439454
6562303
6438281
6560033
6434462
6553107
6424449
6540210
6415789
6537114
6407374
6498046
6410712
6487900
6407026
6483022
6421772
6524264
6480188
6515301
6507139
6511823
6502160
6438905
6496645
6434671
6621459
6425074
6617704
6485539
6611407
6488704
6616534
6486656
6613790
6482122
6609238
6480087
6602725
6483939
6600419
6478001
6595563
6474205
6588769
6464028
6581467
6461313
6580529
6461736
6572815
6451164
6564826
6444205
6548986
6433439
6544429
6430331
6538065
6437075
6537635
6496574
6533529
6487350
6512127
6484926
6504076
6479579
6501033
6480155
6499297
6602209
6491109
6631018
6502805
6623786
6498519
6624580
6488128
6613435
6483649
6607615
6477558
6595564
6473682
6591472
6468693
6586959
6466452
6579668
6460946
6577829
6454888
6574178
6456700
6568297
6444764
6559585
6436617
6555380
6461100
6564071
6456801
6532231
6443752
6528350
6437799
6519704
6428553
6513222
6518319
6527031
6521038
6527405
6517328
6518184
6504169
6510129
6501073
6505034
6488425
6499208
6613533
6498263
6610211
6488303
6603647
6483337
6595416
6471816
6587618
6482894
6590383
6479583
6589028
6479044
6583212
6470657
6582285
6466199
6567352
6456865
6567740
6456628
6565356
6450572
6540145
6441974
6534731
6439489
6532544
6435359
6526958
6466438
6534122
6459859
6527343
6454862
6525343
6450289
6518675
6441503
6515997
6442581
6515380
6491838
6437912
6629967
6518149
6625154
6513903
6619870
6506886
6619263
6505784
6611615
6497637
6602980
6490059
6595869
6482156
6589661
6471951
6580101
6464336
6574913
6456811
6567532
6453217
6565104
6452037
6561259
6442633
6551982
6435956
6548446
6467133
6546934
6458425
6536652
6454874
6528214
6447687
6522668
6445073
6486053
6446442
6482830
6443950
6481403
6569796
6475830
6563273
6482247
6558649
6508812
6612991
6492395
6598512
6483713
6591874
6480362
6584917
6471384
6579025
6465002
6570921
6456381
6565612
6447634
6552273
6438635
6548139
6434707
6545922
6425697
6517116
6424590
6514962
6420521
6513687
6419402
6510744
6416070
6473649
6407580
6468801
6415849
6486217
6439197
6472060
6428727
6495114
6479812
6420972
6471052
6413622
6460266
6400952
6444128
6390195
6438130
6405536
6581756
6462542
6573605
6459060
6572031
6455748
6564236
6454295
6560584
6450833
6554558
6445099
6549514
6434948
6527725
6428019
6517179
6418141
6504959
6396110
6496806
6435267
6446581
6425680
6432924
6413969
6431375
6409794
6422036
6469400
6420802
6466177
6411989
6460218
6405451
6461745
6407068
6460842
6400051
6582143
6475953
6587235
6472240
6583228
6464203
6569540
6453493
6567267
6445157
6549439
6438675
6541094
6442388
6554113
6439120
6537065
6437177
6528058
6426470
6523745
6425596
6520640
6447865
6494846
6441427
6483105
6434611
6475827
6427605
6488330
6563670
6485678
6557765
6475367
6552928
6474593
6545475
6498719
6534744
6454908
6595089
6478500
6586203
6473492
6579416
6465241
6577664
6461190
6573404
6446988
6551532
6439813
6546402
6437846
6508845
6468687
6529837
6462273
6523941
6455985
6516978
6456891
6511490
6454689
6505723
6443550
6494160
6435474
6489257
6432321
6520208
6493491
6512491
6493092
6508923
6470738
6502372
6460902
6492467
6453731
6486577
6450085
6482078
6445219
6478695
6442346
6412532
6445509
6470806
6578245
6469697
6573633
6466434
6569482
6460895
6563795
6488725
6575721
6490222
6586794
6486087
6582332
6550999
6578628
6540809
6567006
6537060
6563801
6528885
6559853
6526815
6557811
6534926
6549560
6522931
6541825
6498004
6530319
6489271
6521638
6483685
6518125
6483028
6513099
6491250
6539671
6484395
6532137
6477138
6529236
6608930
6523432
6602606
6513729
6598317
6508026
6613751
6512390
6610856
6515214
6611309
6511223
6603856
6506169
6598999
6502091
6596728
6499020
6588333
6489969
6580912
6490328
6574280
6462593
6572404
6523444
6563641
6518855
6554932
6518331
6556382
6512938
6551242
6509125
6543176
6518610
6578756
6528068
6577141
6520910
6575395
6523967
6572536
6519482
6569731
6514113
6559261
6506241
6553707
6503711
6551194
6512410
6539549
6503748
6534804
6496634
6527800
6492576
6528271
6486596
6519006
6480498
6516691
6479996
6515417
6473028
6489386
6464935
6483501
6586882
6488812
6608875
6477673
6600925
6471105
6595019
6475840
6586780
6536029
6582358
6530058
6579855
6526178
6568680
6520191
6568377
6518793
6563937
6511314
6556298
6500278
6547841
6493666
6542251
6494544
6543929
6488135
6534496
6479056
6523835
6470811
6521851
6462403
6510036
6488387
6506967
6480268
6431840
6475297
6427796
6485493
6421233
6480383
6402300
6474999
6412799
6471633
6406735
6429804
6467253
6555825
6459070
6549659
6452051
6541054
6444590
6534232
6503158
6525524
6499311
6554384
6495841
6546054
6492991
6535010
6482242
6532465
6474944
6526350
6473379
6517584
6464960
6497665
6460841
6494859
6459711
6490138
6451308
6488396
6447891
6480291
6441620
6478247
6439009
6472012
6562772
6469364
6560334
6466530
6556199
6458677
6579640
6463918
6571410
6452141
6528605
6442550
6542545
6513835
6571146
6513039
6564871
6500926
6553402
6491994
6545567
6486015
6539256
6479900
6519290
6475530
6515167
6479454
6507102
6472163
6498877
6463005
6492166
6454708
6481480
6482940
6495158
6475478
6493572
6477892
6428902
6470667
6423294
6462289
6413569
6454079
6465633
6450134
6393829
6569148
6449759
6529258
6451529
6542221
6449905
6538313
6444437
6561133
6498338
6554041
6495027
6548347
6490109
6527656
6483458
6521762
6478976
6516853
6469434
6506471
6464127
6500532
6450635
6507429
6477412
6499631
6468973
6427741
6471575
6423089
6468904
6421130
6463062
6411292
6456147
6405237
6578632
6462542
6575004
6462626
6574985
6460077
6551857
6455177
6526105
6446930
6521664
6439429
6515088
6503450
6540114
6492685
6529846
6487120
6527211
6481967
6517211
6476248
6515806
6501518
6520305
6490812
6510519
6482444
6498223
6474740
6493830
6468240
6489493
6461665
6489656
6461411
6486750
6458540
6481642
6580951
6472030
6542218
6465391
6516748
6455852
6512543
6454471
6513633
6445112
6503629
6434596
6492198
6430651
6489925
6460534
6534556
6516223
6530216
6513427
6522296
6506759
6529959
6496224
6502442
6486937
6507582
6481457
6504243
6478272
6497478
6470210
6492446
6463934
6422430
6426726
6415476
6420101
6412186
6415818
6403015
6520261
6396310
6515928
6461149
6514737
6457758
6379911
6451956
6499256
6441096
6531086
6497063
6543267
6529580
6536476
6516476
6519242
6503132
6516327
6502715
6511752
6496083
6503279
6493026
6500380
6489738
6495482
6479426
6418080
6474605
6413306
6468158
6409462
6458509
6399296
6434860
6395490
6429825
6383459
6419117
6378117
6417640
6502411
6539852
6495320
6529608
6487091
6523795
6483317
6516349
6508064
6524250
6494195
6515937
6484650
6509734
6482384
6504461
6480066
6498878
6472455
6425477
6464891
6497753
6471612
6497629
6471365
6486915
6466354
6482279
6461569
6409738
6453704
6411882
6444565
6402628
6452497
6462479
6584967
6459226
6579017
6453207
6573528
6449823
6570006
6477690
6563361
6464881
6555899
6463582
6553107
6458040
6544048
6515125
6536805
6513309
6528710
6499558
6520250
6493690
6525702
6501568
6513872
6492747
6511577
6494137
6512346
6488745
6504448
6480855
6497918
6605344
6485029
6595437
6479583
6603066
6477155
6595960
6469752
6589857
6466554
6588038
6461588
6581607
6458918
6576668
6452082
6572086
6444946
